%!Adobe-FontList 1.23
%Locale:0x80c

%BeginFont
Handler:DirectoryHandler
FontType:TrueType
FontName:Raleway-Bold
FamilyName:Raleway
StyleName:Bold
FullName:Raleway Bold
MenuName:Raleway
StyleBits:2
WritingScript:Roman
OutlineFileName:C:\wamp64\www\Photographics\Globals\Document fonts\Raleway-Bold.ttf
DataFormat:sfntData
hasSVG:no
VariableFontType:NonVariableFont
FileLength:163276
FileModTime:1346968800
WeightClass:700
WidthClass:5
AngleClass:0
NameArray:0,Win,1,Raleway
%EndFont

%BeginFont
Handler:DirectoryHandler
FontType:TrueType
FontName:Raleway-Medium
FamilyName:Raleway
StyleName:Medium
FullName:Raleway Medium
MenuName:Raleway Medium
StyleBits:0
WritingScript:Roman
OutlineFileName:C:\wamp64\www\Photographics\Globals\Document fonts\Raleway-Medium.ttf
DataFormat:sfntData
hasSVG:no
VariableFontType:NonVariableFont
FileLength:163392
FileModTime:1346968800
WeightClass:500
WidthClass:5
AngleClass:0
NameArray:0,Win,1,Raleway Medium
NameArray:0,Win,16,Raleway
%EndFont

%BeginFont
Handler:DirectoryHandler
FontType:TrueType
FontName:Raleway-Regular
FamilyName:Raleway
StyleName:Regular
FullName:Raleway Regular
MenuName:Raleway
StyleBits:0
WritingScript:Roman
OutlineFileName:C:\wamp64\www\Photographics\Globals\Document fonts\Raleway-Regular.ttf
DataFormat:sfntData
hasSVG:no
VariableFontType:NonVariableFont
FileLength:163388
FileModTime:1346968800
WeightClass:400
WidthClass:5
AngleClass:0
NameArray:0,Win,1,Raleway
%EndFont

%BeginFont
Handler:DirectoryHandler
FontType:TrueType
FontName:Raleway-SemiBold
FamilyName:Raleway
StyleName:SemiBold
FullName:Raleway SemiBold
MenuName:Raleway SemiBold
StyleBits:0
WritingScript:Roman
OutlineFileName:C:\wamp64\www\Photographics\Globals\Document fonts\Raleway-SemiBold.ttf
DataFormat:sfntData
hasSVG:no
VariableFontType:NonVariableFont
FileLength:163388
FileModTime:1346968800
WeightClass:600
WidthClass:5
AngleClass:0
NameArray:0,Win,1,Raleway SemiBold
NameArray:0,Win,16,Raleway
%EndFont

%BeginFont
Handler:DirectoryHandler
FontType:TrueType
FontName:Raleway-Thin
FamilyName:Raleway
StyleName:Thin
FullName:Raleway Thin
MenuName:Raleway Thin
StyleBits:0
WritingScript:Roman
OutlineFileName:C:\wamp64\www\Photographics\Globals\Document fonts\Raleway-Thin.ttf
DataFormat:sfntData
hasSVG:no
VariableFontType:NonVariableFont
FileLength:163208
FileModTime:1346968800
WeightClass:250
WidthClass:5
AngleClass:0
NameArray:0,Win,1,Raleway Thin
NameArray:0,Win,16,Raleway
%EndFont

